c:\users\acer\desktop\project-cs202-master\x64\debug\vc142.pdb
c:\users\acer\desktop\project-cs202-master\x64\debug\vc142.idb
c:\users\acer\desktop\project-cs202-master\x64\debug\main.obj
c:\users\acer\desktop\project-cs202-master\x64\debug\ctruck.obj
c:\users\acer\desktop\project-cs202-master\x64\debug\crows.obj
c:\users\acer\desktop\project-cs202-master\x64\debug\cposition.obj
c:\users\acer\desktop\project-cs202-master\x64\debug\cplayer.obj
c:\users\acer\desktop\project-cs202-master\x64\debug\conerow.obj
c:\users\acer\desktop\project-cs202-master\x64\debug\cmap.obj
c:\users\acer\desktop\project-cs202-master\x64\debug\clevel.obj
c:\users\acer\desktop\project-cs202-master\x64\debug\cgame.obj
c:\users\acer\desktop\project-cs202-master\x64\debug\cenemy.obj
c:\users\acer\desktop\project-cs202-master\x64\debug\cdinosaur.obj
c:\users\acer\desktop\project-cs202-master\x64\debug\cconsole.obj
c:\users\acer\desktop\project-cs202-master\x64\debug\ccar.obj
c:\users\acer\desktop\project-cs202-master\x64\debug\cbird.obj
c:\users\acer\desktop\project-cs202-master\x64\debug\project.exe
c:\users\acer\desktop\project-cs202-master\x64\debug\project.ilk
c:\users\acer\desktop\project-cs202-master\x64\debug\project.pdb
c:\users\acer\desktop\project-cs202-master\x64\debug\project.tlog\cl.command.1.tlog
c:\users\acer\desktop\project-cs202-master\x64\debug\project.tlog\cl.read.1.tlog
c:\users\acer\desktop\project-cs202-master\x64\debug\project.tlog\cl.write.1.tlog
c:\users\acer\desktop\project-cs202-master\x64\debug\project.tlog\link.command.1.tlog
c:\users\acer\desktop\project-cs202-master\x64\debug\project.tlog\link.read.1.tlog
c:\users\acer\desktop\project-cs202-master\x64\debug\project.tlog\link.write.1.tlog
